[2019-10-28 21:26:36] Found 0 Android lines and 209 iOS lines
[2019-10-28 21:26:36] Probably iOS!
[2019-10-28 21:29:41:000] Start of GUID a7f2f0af53f05dfdae68708b69a14fa9
[2019-10-28 21:29:41:000] Found 0 Android lines and 200 iOS lines
[2019-10-28 21:29:41:000] Probably iOS!
[2019-10-28 21:29:41:000] End of GUID a7f2f0af53f05dfdae68708b69a14fa9
[2019-10-28 21:30:46] Start of GUID 1f0ea4e9aa786bafda0aa6a006bf8d86
[2019-10-28 21:30:46] Found 3378 Android lines and 0 iOS lines
[2019-10-28 21:30:46] Probably Android!
[2019-10-28 21:30:48] End of GUID 1f0ea4e9aa786bafda0aa6a006bf8d86
[2019-10-28 21:55:05] Start of GUID eab1825867d26e86315d4defb3f7d4bf
[2019-10-28 21:55:05] Found 0 Android lines and 207 iOS lines
[2019-10-28 21:55:05] Probably iOS!
[2019-10-28 21:55:05] End of GUID eab1825867d26e86315d4defb3f7d4bf
[2019-10-28 22:01:49] Start of GUID 01f2bf891d5fd9bd2168dcefad28e6c0
[2019-10-28 22:01:49] Found 0 Android lines and 209 iOS lines
[2019-10-28 22:01:49] Probably iOS!
[2019-10-28 22:01:49] End of GUID 01f2bf891d5fd9bd2168dcefad28e6c0
[2019-10-30 07:34:15] Start of GUID 203ba97fab7978453604e67fef12c083
[2019-10-30 07:34:15] Found 0 Android lines and 212 iOS lines
[2019-10-30 07:34:15] Probably iOS!
[2019-10-30 07:34:15] End of GUID 203ba97fab7978453604e67fef12c083
[2019-10-30 20:07:12] Start of GUID 3e710cca4522f9ff1a9eb816c12af77c
[2019-10-30 20:07:12] Found 0 Android lines and 206 iOS lines
[2019-10-30 20:07:12] Probably iOS!
[2019-10-30 20:07:12] End of GUID 3e710cca4522f9ff1a9eb816c12af77c
[2019-10-30 20:10:33] Start of GUID 56b894177ea6483a0e1077956f48fc1a
[2019-10-30 20:10:33] Found 0 Android lines and 202 iOS lines
[2019-10-30 20:10:33] Probably iOS!
[2019-10-30 20:10:33] End of GUID 56b894177ea6483a0e1077956f48fc1a
[2019-10-30 20:26:24] Start of GUID fe625d80b621c2c511aeb48682ecc3ab
[2019-10-30 20:26:24] Found 0 Android lines and 210 iOS lines
[2019-10-30 20:26:24] Probably iOS!
[2019-10-30 20:26:24] End of GUID fe625d80b621c2c511aeb48682ecc3ab
[2019-10-30 20:28:24] Start of GUID c7390ac2c006fda8a37c79e2b86755ff
[2019-10-30 20:28:24] Found 0 Android lines and 211 iOS lines
[2019-10-30 20:28:24] Probably iOS!
[2019-10-30 20:28:24] End of GUID c7390ac2c006fda8a37c79e2b86755ff
[2019-10-30 20:33:06] Start of GUID 7820874238ec0b08d5e91c3e028c162a
[2019-10-30 20:33:06] Found 0 Android lines and 204 iOS lines
[2019-10-30 20:33:06] Probably iOS!
[2019-10-30 20:33:06] End of GUID 7820874238ec0b08d5e91c3e028c162a
[2019-10-30 20:36:21] Start of GUID ca642d104e758bc53272959e6d141906
[2019-10-30 20:36:21] Found 0 Android lines and 204 iOS lines
[2019-10-30 20:36:21] Probably iOS!
[2019-10-30 20:36:21] End of GUID ca642d104e758bc53272959e6d141906
[2019-10-30 20:38:42] Start of GUID e21ef6ffa6372f1218954019113c39ea
[2019-10-30 20:38:51] Start of GUID 433b4fda95b30b1fe07a6cca0fb316d5
[2019-10-30 20:40:40] Start of GUID 95449a20210de0bd781fd4d3fc640e60
[2019-10-30 20:40:40] Found 0 Android lines and 208 iOS lines
[2019-10-30 20:40:40] Probably iOS!
[2019-10-30 20:40:40] End of GUID 95449a20210de0bd781fd4d3fc640e60
[2019-10-30 20:48:24] Start of GUID c29c492edb818134e4182058d1d7b339
[2019-10-30 20:48:24] Found 0 Android lines and 201 iOS lines
[2019-10-30 20:48:24] Probably iOS!
[2019-10-30 20:48:24] End of GUID c29c492edb818134e4182058d1d7b339
[2019-10-30 20:56:07] Start of GUID dc0685bab40c1a4d74ad6218cdfb1b99
[2019-10-30 20:57:38] Start of GUID 75e41f79da893415612f26b7b242b07c
[2019-10-30 20:57:38] Found 4002 Android lines and 0 iOS lines
[2019-10-30 20:57:38] Probably Android!
[2019-10-30 20:57:41] End of GUID 75e41f79da893415612f26b7b242b07c
